<?xml version="1.0" encoding="UTF-8"?>
<testng-results skipped="0" failed="0" total="1" passed="1">
  <reporter-output>
  </reporter-output>
  <suite name="Page Object Model Framework" duration-ms="5035" started-at="2016-04-18T04:14:08Z" finished-at="2016-04-18T04:14:13Z">
    <groups>
    </groups>
    <test name="LoginTest" duration-ms="5035" started-at="2016-04-18T04:14:08Z" finished-at="2016-04-18T04:14:13Z">
      <class name="testCases.LoginTest">
        <test-method status="PASS" signature="setUp()[pri:0, instance:testCases.LoginTest@135606db]" name="setUp" is-config="true" duration-ms="46" started-at="2016-04-17T21:14:08Z" finished-at="2016-04-17T21:14:08Z">
          <reporter-output>
          </reporter-output>
        </test-method> <!-- setUp -->
        <test-method status="PASS" signature="doLogin(java.lang.String, java.lang.String)[pri:0, instance:testCases.LoginTest@135606db]" name="doLogin" duration-ms="4826" started-at="2016-04-17T21:14:08Z" data-provider="getData" finished-at="2016-04-17T21:14:13Z">
          <params>
            <param index="0">
              <value>
                <![CDATA[softwareseleniumtesting123@gmail.com]]>
              </value>
            </param>
            <param index="1">
              <value>
                <![CDATA[Welcome!123]]>
              </value>
            </param>
          </params>
          <reporter-output>
          </reporter-output>
        </test-method> <!-- doLogin -->
        <test-method status="PASS" signature="tearDown()[pri:0, instance:testCases.LoginTest@135606db]" name="tearDown" is-config="true" duration-ms="3877" started-at="2016-04-17T21:14:14Z" finished-at="2016-04-17T21:14:17Z">
          <reporter-output>
          </reporter-output>
        </test-method> <!-- tearDown -->
      </class> <!-- testCases.LoginTest -->
    </test> <!-- LoginTest -->
  </suite> <!-- Page Object Model Framework -->
</testng-results>
