<?xml version="1.0" encoding="UTF-8"?>
<testng-results skipped="0" failed="0" total="1" passed="1">
  <reporter-output>
  </reporter-output>
  <suite name="Default suite" duration-ms="1014" started-at="2016-04-18T01:10:23Z" finished-at="2016-04-18T01:10:24Z">
    <groups>
    </groups>
    <test name="Default test" duration-ms="1014" started-at="2016-04-18T01:10:23Z" finished-at="2016-04-18T01:10:24Z">
      <class name="testCases.LoginTest">
        <test-method status="PASS" signature="setUp()[pri:0, instance:testCases.LoginTest@77258e59]" name="setUp" is-config="true" duration-ms="13" started-at="2016-04-17T18:10:23Z" finished-at="2016-04-17T18:10:23Z">
          <reporter-output>
          </reporter-output>
        </test-method> <!-- setUp -->
        <test-method status="PASS" signature="doLogin(java.lang.String, java.lang.String)[pri:0, instance:testCases.LoginTest@77258e59]" name="doLogin" duration-ms="976" started-at="2016-04-17T18:10:23Z" data-provider="getData" finished-at="2016-04-17T18:10:24Z">
          <params>
            <param index="0">
              <value>
                <![CDATA[softwareseleniumtesting123@gmail.com]]>
              </value>
            </param>
            <param index="1">
              <value>
                <![CDATA[Welcome!123]]>
              </value>
            </param>
          </params>
          <reporter-output>
          </reporter-output>
        </test-method> <!-- doLogin -->
        <test-method status="PASS" signature="tearDown()[pri:0, instance:testCases.LoginTest@77258e59]" name="tearDown" is-config="true" duration-ms="808" started-at="2016-04-17T18:10:24Z" finished-at="2016-04-17T18:10:25Z">
          <reporter-output>
          </reporter-output>
        </test-method> <!-- tearDown -->
      </class> <!-- testCases.LoginTest -->
    </test> <!-- Default test -->
  </suite> <!-- Default suite -->
</testng-results>
